build/app/intermediates/manifest_merge_blame_file/debug/manifest-merger-blame-debug-report.txt
1<?xml version="1.0" encoding="utf-8"?>
2<manifest xmlns:android="http://schemas.android.com/apk/res/android"
3    package="ru.tomsk.social_navig"
4    android:versionCode="1"
5    android:versionName="1.0.0" >
6
7    <uses-sdk
8        android:minSdkVersion="21"
9        android:targetSdkVersion="31" />
10    <!--
11         Flutter needs it to communicate with the running application
12         to allow setting breakpoints, to provide hot reload, etc.
13    -->
14    <uses-permission android:name="android.permission.INTERNET" />
14-->src/main/AndroidManifest.xml:5:5-66
14-->src/main/AndroidManifest.xml:5:22-64
15    <uses-permission android:name="android.permission.ACCESS_NETWORK_STATE" />
15-->src/main/AndroidManifest.xml:7:5-79
15-->src/main/AndroidManifest.xml:7:22-76
16    <uses-permission android:name="android.permission.WAKE_LOCK" />
16-->src/main/AndroidManifest.xml:8:5-68
16-->src/main/AndroidManifest.xml:8:22-65
17    <uses-permission android:name="android.permission.READ_EXTERNAL_STORAGE" />
17-->[:file_picker] AndroidManifest.xml:7:5-80
17-->[:file_picker] AndroidManifest.xml:7:22-77
18
19    <queries>
19-->[:file_picker] AndroidManifest.xml:9:5-15:15
20        <intent>
20-->[:file_picker] AndroidManifest.xml:10:9-14:18
21            <action android:name="android.intent.action.GET_CONTENT" />
21-->[:file_picker] AndroidManifest.xml:11:13-72
21-->[:file_picker] AndroidManifest.xml:11:21-69
22
23            <data android:mimeType="*/*" />
23-->[:file_picker] AndroidManifest.xml:13:13-44
23-->[:file_picker] AndroidManifest.xml:13:19-41
24        </intent>
25    </queries>
26
27    <uses-permission android:name="android.permission.WRITE_EXTERNAL_STORAGE" />
27-->[com.yandex.android:maps.mobile:4.0.0-full] AndroidManifest.xml:15:5-81
27-->[com.yandex.android:maps.mobile:4.0.0-full] AndroidManifest.xml:15:22-78
28    <uses-permission android:name="android.permission.ACCESS_WIFI_STATE" />
28-->[com.yandex.android:maps.mobile:4.0.0-full] AndroidManifest.xml:16:5-76
28-->[com.yandex.android:maps.mobile:4.0.0-full] AndroidManifest.xml:16:22-73
29    <uses-permission android:name="android.permission.CHANGE_WIFI_STATE" />
29-->[com.yandex.android:maps.mobile:4.0.0-full] AndroidManifest.xml:17:5-76
29-->[com.yandex.android:maps.mobile:4.0.0-full] AndroidManifest.xml:17:22-73
30    <uses-permission android:name="android.permission.ACCESS_FINE_LOCATION" />
30-->[com.yandex.android:maps.mobile:4.0.0-full] AndroidManifest.xml:18:5-79
30-->[com.yandex.android:maps.mobile:4.0.0-full] AndroidManifest.xml:18:22-76
31    <uses-permission android:name="android.permission.RECEIVE_BOOT_COMPLETED" />
31-->[com.yandex.android:maps.mobile:4.0.0-full] AndroidManifest.xml:20:5-81
31-->[com.yandex.android:maps.mobile:4.0.0-full] AndroidManifest.xml:20:22-78
32    <uses-permission android:name="android.permission.BLUETOOTH" />
32-->[com.yandex.android:maps.mobile:4.0.0-full] AndroidManifest.xml:21:5-68
32-->[com.yandex.android:maps.mobile:4.0.0-full] AndroidManifest.xml:21:22-65
33    <uses-permission android:name="android.permission.BLUETOOTH_ADMIN" />
33-->[com.yandex.android:maps.mobile:4.0.0-full] AndroidManifest.xml:22:5-74
33-->[com.yandex.android:maps.mobile:4.0.0-full] AndroidManifest.xml:22:22-71
34
35    <uses-feature
35-->[com.google.android.gms:play-services-maps:17.0.0] AndroidManifest.xml:26:5-28:35
36        android:glEsVersion="0x00020000"
36-->[com.google.android.gms:play-services-maps:17.0.0] AndroidManifest.xml:27:9-41
37        android:required="true" />
37-->[com.google.android.gms:play-services-maps:17.0.0] AndroidManifest.xml:28:9-32
38
39    <application
39-->src/main/AndroidManifest.xml:10:5-56:19
40        android:appComponentFactory="androidx.core.app.CoreComponentFactory"
40-->[androidx.core:core:1.2.0] AndroidManifest.xml:24:18-86
41        android:debuggable="true"
42        android:icon="@mipmap/ic_launcher"
42-->src/main/AndroidManifest.xml:12:9-43
43        android:label="social_navig"
43-->src/main/AndroidManifest.xml:11:9-37
44        android:usesCleartextTraffic="true" >
44-->src/main/AndroidManifest.xml:13:9-44
45        <activity
45-->src/main/AndroidManifest.xml:15:9-50:20
46            android:name="ru.tomsk.social_navig.MainActivity"
46-->src/main/AndroidManifest.xml:16:13-41
47            android:configChanges="orientation|keyboardHidden|keyboard|screenSize|smallestScreenSize|locale|layoutDirection|fontScale|screenLayout|density|uiMode"
47-->src/main/AndroidManifest.xml:19:13-163
48            android:exported="true"
48-->src/main/AndroidManifest.xml:22:13-36
49            android:hardwareAccelerated="true"
49-->src/main/AndroidManifest.xml:20:13-47
50            android:launchMode="singleTop"
50-->src/main/AndroidManifest.xml:17:13-43
51            android:theme="@style/LaunchTheme"
51-->src/main/AndroidManifest.xml:18:13-47
52            android:windowSoftInputMode="adjustResize" >
52-->src/main/AndroidManifest.xml:21:13-55
53            <meta-data
53-->src/main/AndroidManifest.xml:24:13-27:19
54                android:name="com.google.android.gms.wallet.api.enabled"
54-->src/main/AndroidManifest.xml:25:17-73
55                android:value="true" />
55-->src/main/AndroidManifest.xml:26:17-37
56
57            <!--
58                 Specifies an Android theme to apply to this Activity as soon as
59                 the Android process has started. This theme is visible to the user
60                 while the Flutter UI initializes. After that, this theme continues
61                 to determine the Window background behind the Flutter UI.
62            -->
63            <meta-data
63-->src/main/AndroidManifest.xml:33:13-36:17
64                android:name="io.flutter.embedding.android.NormalTheme"
64-->src/main/AndroidManifest.xml:34:15-70
65                android:resource="@style/NormalTheme" />
65-->src/main/AndroidManifest.xml:35:15-52
66            <!--
67                 Displays an Android View that continues showing the launch screen
68                 Drawable until Flutter paints its first frame, then this splash
69                 screen fades out. A splash screen is useful to avoid any visual
70                 gap between the end of Android's launch screen and the painting of
71                 Flutter's first frame.
72            -->
73            <meta-data
73-->src/main/AndroidManifest.xml:42:13-45:17
74                android:name="io.flutter.embedding.android.SplashScreenDrawable"
74-->src/main/AndroidManifest.xml:43:15-79
75                android:resource="@drawable/launch_background" />
75-->src/main/AndroidManifest.xml:44:15-61
76
77            <intent-filter>
77-->src/main/AndroidManifest.xml:46:13-49:29
78                <action android:name="android.intent.action.MAIN" />
78-->src/main/AndroidManifest.xml:47:17-68
78-->src/main/AndroidManifest.xml:47:25-66
79
80                <category android:name="android.intent.category.LAUNCHER" />
80-->src/main/AndroidManifest.xml:48:17-76
80-->src/main/AndroidManifest.xml:48:27-74
81            </intent-filter>
82        </activity>
83        <!--
84             Don't delete the meta-data below.
85             This is used by the Flutter tool to generate GeneratedPluginRegistrant.java
86        -->
87        <meta-data
87-->src/main/AndroidManifest.xml:53:9-55:33
88            android:name="flutterEmbedding"
88-->src/main/AndroidManifest.xml:54:13-44
89            android:value="2" />
89-->src/main/AndroidManifest.xml:55:13-30
90        <meta-data
90-->[com.yandex.android:maps.mobile:4.0.0-full] AndroidManifest.xml:25:9-27:38
91            android:name="yandex.maps.runtime.stl.linkage"
91-->[com.yandex.android:maps.mobile:4.0.0-full] AndroidManifest.xml:26:13-59
92            android:value="static" />
92-->[com.yandex.android:maps.mobile:4.0.0-full] AndroidManifest.xml:27:13-35
93
94        <service
94-->[com.yandex.android:maps.mobile:4.0.0-full] AndroidManifest.xml:29:9-32:72
95            android:name="com.evernote.android.job.patched.internal.v21.PlatformJobService"
95-->[com.yandex.android:maps.mobile:4.0.0-full] AndroidManifest.xml:30:13-92
96            android:exported="false"
96-->[com.yandex.android:maps.mobile:4.0.0-full] AndroidManifest.xml:31:13-37
97            android:permission="android.permission.BIND_JOB_SERVICE" />
97-->[com.yandex.android:maps.mobile:4.0.0-full] AndroidManifest.xml:32:13-69
98        <service
98-->[com.yandex.android:maps.mobile:4.0.0-full] AndroidManifest.xml:33:9-36:72
99            android:name="com.evernote.android.job.patched.internal.v14.PlatformAlarmService"
99-->[com.yandex.android:maps.mobile:4.0.0-full] AndroidManifest.xml:34:13-94
100            android:exported="false"
100-->[com.yandex.android:maps.mobile:4.0.0-full] AndroidManifest.xml:35:13-37
101            android:permission="android.permission.BIND_JOB_SERVICE" />
101-->[com.yandex.android:maps.mobile:4.0.0-full] AndroidManifest.xml:36:13-69
102        <service
102-->[com.yandex.android:maps.mobile:4.0.0-full] AndroidManifest.xml:37:9-39:40
103            android:name="com.evernote.android.job.patched.internal.v14.PlatformAlarmServiceExact"
103-->[com.yandex.android:maps.mobile:4.0.0-full] AndroidManifest.xml:38:13-99
104            android:exported="false" />
104-->[com.yandex.android:maps.mobile:4.0.0-full] AndroidManifest.xml:39:13-37
105
106        <receiver
106-->[com.yandex.android:maps.mobile:4.0.0-full] AndroidManifest.xml:41:9-50:20
107            android:name="com.evernote.android.job.patched.internal.v14.PlatformAlarmReceiver"
107-->[com.yandex.android:maps.mobile:4.0.0-full] AndroidManifest.xml:42:13-95
108            android:exported="false" >
108-->[com.yandex.android:maps.mobile:4.0.0-full] AndroidManifest.xml:43:13-37
109            <intent-filter>
109-->[com.yandex.android:maps.mobile:4.0.0-full] AndroidManifest.xml:44:13-49:29
110
111                <!-- Keep the filter for legacy intents -->
112                <action android:name="com.evernote.android.job.patched.internal.v14.RUN_JOB" />
112-->[com.yandex.android:maps.mobile:4.0.0-full] AndroidManifest.xml:47:17-96
112-->[com.yandex.android:maps.mobile:4.0.0-full] AndroidManifest.xml:47:25-93
113                <action android:name="net.vrallev.android.job.v14.RUN_JOB" />
113-->[com.yandex.android:maps.mobile:4.0.0-full] AndroidManifest.xml:48:17-78
113-->[com.yandex.android:maps.mobile:4.0.0-full] AndroidManifest.xml:48:25-75
114            </intent-filter>
115        </receiver>
116        <receiver
116-->[com.yandex.android:maps.mobile:4.0.0-full] AndroidManifest.xml:51:9-60:20
117            android:name="com.evernote.android.job.patched.internal.JobBootReceiver"
117-->[com.yandex.android:maps.mobile:4.0.0-full] AndroidManifest.xml:52:13-85
118            android:exported="false" >
118-->[com.yandex.android:maps.mobile:4.0.0-full] AndroidManifest.xml:53:13-37
119            <intent-filter>
119-->[com.yandex.android:maps.mobile:4.0.0-full] AndroidManifest.xml:54:13-59:29
120                <action android:name="android.intent.action.BOOT_COMPLETED" />
120-->[com.yandex.android:maps.mobile:4.0.0-full] AndroidManifest.xml:55:17-79
120-->[com.yandex.android:maps.mobile:4.0.0-full] AndroidManifest.xml:55:25-76
121                <action android:name="android.intent.action.QUICKBOOT_POWERON" />
121-->[com.yandex.android:maps.mobile:4.0.0-full] AndroidManifest.xml:56:17-82
121-->[com.yandex.android:maps.mobile:4.0.0-full] AndroidManifest.xml:56:25-79
122                <action android:name="com.htc.intent.action.QUICKBOOT_POWERON" />
122-->[com.yandex.android:maps.mobile:4.0.0-full] AndroidManifest.xml:57:17-82
122-->[com.yandex.android:maps.mobile:4.0.0-full] AndroidManifest.xml:57:25-79
123                <action android:name="android.intent.action.MY_PACKAGE_REPLACED" />
123-->[com.yandex.android:maps.mobile:4.0.0-full] AndroidManifest.xml:58:17-84
123-->[com.yandex.android:maps.mobile:4.0.0-full] AndroidManifest.xml:58:25-81
124            </intent-filter>
125        </receiver>
126
127        <service
127-->[com.yandex.android:maps.mobile:4.0.0-full] AndroidManifest.xml:62:9-65:72
128            android:name="com.evernote.android.job.patched.internal.JobRescheduleService"
128-->[com.yandex.android:maps.mobile:4.0.0-full] AndroidManifest.xml:63:13-90
129            android:exported="false"
129-->[com.yandex.android:maps.mobile:4.0.0-full] AndroidManifest.xml:64:13-37
130            android:permission="android.permission.BIND_JOB_SERVICE" />
130-->[com.yandex.android:maps.mobile:4.0.0-full] AndroidManifest.xml:65:13-69
131        <service
131-->[com.yandex.android:maps.mobile:4.0.0-full] AndroidManifest.xml:66:9-69:72
132            android:name="com.yandex.runtime.connectivity.internal.ConnectivityService"
132-->[com.yandex.android:maps.mobile:4.0.0-full] AndroidManifest.xml:67:13-88
133            android:exported="true"
133-->[com.yandex.android:maps.mobile:4.0.0-full] AndroidManifest.xml:68:13-36
134            android:permission="android.permission.BIND_JOB_SERVICE" /> <!-- Needs to be explicitly declared on P+ -->
134-->[com.yandex.android:maps.mobile:4.0.0-full] AndroidManifest.xml:69:13-69
135        <uses-library
135-->[com.google.android.gms:play-services-maps:17.0.0] AndroidManifest.xml:33:9-35:40
136            android:name="org.apache.http.legacy"
136-->[com.google.android.gms:play-services-maps:17.0.0] AndroidManifest.xml:34:13-50
137            android:required="false" />
137-->[com.google.android.gms:play-services-maps:17.0.0] AndroidManifest.xml:35:13-37
138
139        <activity
139-->[com.google.android.gms:play-services-base:17.5.0] AndroidManifest.xml:23:9-26:75
140            android:name="com.google.android.gms.common.api.GoogleApiActivity"
140-->[com.google.android.gms:play-services-base:17.5.0] AndroidManifest.xml:24:13-79
141            android:exported="false"
141-->[com.google.android.gms:play-services-base:17.5.0] AndroidManifest.xml:25:13-37
142            android:theme="@android:style/Theme.Translucent.NoTitleBar" />
142-->[com.google.android.gms:play-services-base:17.5.0] AndroidManifest.xml:26:13-72
143
144        <meta-data
144-->[com.google.android.gms:play-services-basement:17.5.0] AndroidManifest.xml:23:9-25:69
145            android:name="com.google.android.gms.version"
145-->[com.google.android.gms:play-services-basement:17.5.0] AndroidManifest.xml:24:13-58
146            android:value="@integer/google_play_services_version" />
146-->[com.google.android.gms:play-services-basement:17.5.0] AndroidManifest.xml:25:13-66
147    </application>
148
149</manifest>